<?xml version="1.0" encoding="UTF-8"?>
<!-- Generated by org.testng.reporters.JUnitReportReporter -->
<testsuite hostname="DESKTOP-0NVAA7R" failures="0" tests="1" name="com.ExcelTest.ReadExcel" time="0.917" errors="0" timestamp="2022-06-28T09:27:38 IST" skipped="0">
  <testcase classname="com.ExcelTest.ReadExcel" name="readExcel" time="0.917"/>
  <system-out/>
</testsuite> <!-- com.ExcelTest.ReadExcel -->
